<?xml version="1.0" encoding="UTF-8"?>
<!-- Generated by org.testng.reporters.JUnitReportReporter -->
<testsuite hostname="DESKTOP-UFMB1VQ" failures="0" tests="292" name="com.pwc.productcentral.RegressionTestCases" time="35.269" errors="0" timestamp="2023-04-17T11:43:19 EDT" skipped="291">
  <testcase classname="com.pwc.productcentral.RegressionTestCases" name="WEB_292" time="35.269"/>
  <system-out/>
  <testcase classname="com.pwc.productcentral.RegressionTestCases" name="WEB_31">
    <skipped/>
  </testcase> <!-- WEB_31 -->
  <system-out/>
  <testcase classname="com.pwc.productcentral.RegressionTestCases" name="WEB_32">
    <skipped/>
  </testcase> <!-- WEB_32 -->
  <system-out/>
  <testcase classname="com.pwc.productcentral.RegressionTestCases" name="WEB_208">
    <skipped/>
  </testcase> <!-- WEB_208 -->
  <system-out/>
  <testcase classname="com.pwc.productcentral.RegressionTestCases" name="WEB_30">
    <skipped/>
  </testcase> <!-- WEB_30 -->
  <system-out/>
  <testcase classname="com.pwc.productcentral.RegressionTestCases" name="WEB_35">
    <skipped/>
  </testcase> <!-- WEB_35 -->
  <system-out/>
  <testcase classname="com.pwc.productcentral.RegressionTestCases" name="WEB_36">
    <skipped/>
  </testcase> <!-- WEB_36 -->
  <system-out/>
  <testcase classname="com.pwc.productcentral.RegressionTestCases" name="WEB_33">
    <skipped/>
  </testcase> <!-- WEB_33 -->
  <system-out/>
  <testcase classname="com.pwc.productcentral.RegressionTestCases" name="WEB_34">
    <skipped/>
  </testcase> <!-- WEB_34 -->
  <system-out/>
  <testcase classname="com.pwc.productcentral.RegressionTestCases" name="WEB_201">
    <skipped/>
  </testcase> <!-- WEB_201 -->
  <system-out/>
  <testcase classname="com.pwc.productcentral.RegressionTestCases" name="WEB_37">
    <skipped/>
  </testcase> <!-- WEB_37 -->
  <system-out/>
  <testcase classname="com.pwc.productcentral.RegressionTestCases" name="WEB_203">
    <skipped/>
  </testcase> <!-- WEB_203 -->
  <system-out/>
  <testcase classname="com.pwc.productcentral.RegressionTestCases" name="WEB_202">
    <skipped/>
  </testcase> <!-- WEB_202 -->
  <system-out/>
  <testcase classname="com.pwc.productcentral.RegressionTestCases" name="WEB_205">
    <skipped/>
  </testcase> <!-- WEB_205 -->
  <system-out/>
  <testcase classname="com.pwc.productcentral.RegressionTestCases" name="WEB_204">
    <skipped/>
  </testcase> <!-- WEB_204 -->
  <system-out/>
  <testcase classname="com.pwc.productcentral.RegressionTestCases" name="WEB_207">
    <skipped/>
  </testcase> <!-- WEB_207 -->
  <system-out/>
  <testcase classname="com.pwc.productcentral.RegressionTestCases" name="WEB_206">
    <skipped/>
  </testcase> <!-- WEB_206 -->
  <system-out/>
  <testcase classname="com.pwc.productcentral.RegressionTestCases" name="WEB_209">
    <skipped/>
  </testcase> <!-- WEB_209 -->
  <system-out/>
  <testcase classname="com.pwc.productcentral.RegressionTestCases" name="WEB_62">
    <skipped/>
  </testcase> <!-- WEB_62 -->
  <system-out/>
  <testcase classname="com.pwc.productcentral.RegressionTestCases" name="WEB_39">
    <skipped/>
  </testcase> <!-- WEB_39 -->
  <system-out/>
  <testcase classname="com.pwc.productcentral.RegressionTestCases" name="WEB_38">
    <skipped/>
  </testcase> <!-- WEB_38 -->
  <system-out/>
  <testcase classname="com.pwc.productcentral.RegressionTestCases" name="WEB_64">
    <skipped/>
  </testcase> <!-- WEB_64 -->
  <system-out/>
  <testcase classname="com.pwc.productcentral.RegressionTestCases" name="WEB_65">
    <skipped/>
  </testcase> <!-- WEB_65 -->
  <system-out/>
  <testcase classname="com.pwc.productcentral.RegressionTestCases" name="WEB_63">
    <skipped/>
  </testcase> <!-- WEB_63 -->
  <system-out/>
  <testcase classname="com.pwc.productcentral.RegressionTestCases" name="WEB_68">
    <skipped/>
  </testcase> <!-- WEB_68 -->
  <system-out/>
  <testcase classname="com.pwc.productcentral.RegressionTestCases" name="WEB_69">
    <skipped/>
  </testcase> <!-- WEB_69 -->
  <system-out/>
  <testcase classname="com.pwc.productcentral.RegressionTestCases" name="WEB_66">
    <skipped/>
  </testcase> <!-- WEB_66 -->
  <system-out/>
  <testcase classname="com.pwc.productcentral.RegressionTestCases" name="WEB_67">
    <skipped/>
  </testcase> <!-- WEB_67 -->
  <system-out/>
  <testcase classname="com.pwc.productcentral.RegressionTestCases" name="WEB_60">
    <skipped/>
  </testcase> <!-- WEB_60 -->
  <system-out/>
  <testcase classname="com.pwc.productcentral.RegressionTestCases" name="WEB_61">
    <skipped/>
  </testcase> <!-- WEB_61 -->
  <system-out/>
  <testcase classname="com.pwc.productcentral.RegressionTestCases" name="WEB_51">
    <skipped/>
  </testcase> <!-- WEB_51 -->
  <system-out/>
  <testcase classname="com.pwc.productcentral.RegressionTestCases" name="WEB_200">
    <skipped/>
  </testcase> <!-- WEB_200 -->
  <system-out/>
  <testcase classname="com.pwc.productcentral.RegressionTestCases" name="WEB_53">
    <skipped/>
  </testcase> <!-- WEB_53 -->
  <system-out/>
  <testcase classname="com.pwc.productcentral.RegressionTestCases" name="WEB_109">
    <skipped/>
  </testcase> <!-- WEB_109 -->
  <system-out/>
  <testcase classname="com.pwc.productcentral.RegressionTestCases" name="WEB_54">
    <skipped/>
  </testcase> <!-- WEB_54 -->
  <system-out/>
  <testcase classname="com.pwc.productcentral.RegressionTestCases" name="WEB_52">
    <skipped/>
  </testcase> <!-- WEB_52 -->
  <system-out/>
  <testcase classname="com.pwc.productcentral.RegressionTestCases" name="WEB_57">
    <skipped/>
  </testcase> <!-- WEB_57 -->
  <system-out/>
  <testcase classname="com.pwc.productcentral.RegressionTestCases" name="WEB_58">
    <skipped/>
  </testcase> <!-- WEB_58 -->
  <system-out/>
  <testcase classname="com.pwc.productcentral.RegressionTestCases" name="WEB_221">
    <skipped/>
  </testcase> <!-- WEB_221 -->
  <system-out/>
  <testcase classname="com.pwc.productcentral.RegressionTestCases" name="WEB_100">
    <skipped/>
  </testcase> <!-- WEB_100 -->
  <system-out/>
  <testcase classname="com.pwc.productcentral.RegressionTestCases" name="WEB_55">
    <skipped/>
  </testcase> <!-- WEB_55 -->
  <system-out/>
  <testcase classname="com.pwc.productcentral.RegressionTestCases" name="WEB_220">
    <skipped/>
  </testcase> <!-- WEB_220 -->
  <system-out/>
  <testcase classname="com.pwc.productcentral.RegressionTestCases" name="WEB_56">
    <skipped/>
  </testcase> <!-- WEB_56 -->
  <system-out/>
  <testcase classname="com.pwc.productcentral.RegressionTestCases" name="WEB_223">
    <skipped/>
  </testcase> <!-- WEB_223 -->
  <system-out/>
  <testcase classname="com.pwc.productcentral.RegressionTestCases" name="WEB_102">
    <skipped/>
  </testcase> <!-- WEB_102 -->
  <system-out/>
  <testcase classname="com.pwc.productcentral.RegressionTestCases" name="WEB_225">
    <skipped/>
  </testcase> <!-- WEB_225 -->
  <system-out/>
  <testcase classname="com.pwc.productcentral.RegressionTestCases" name="WEB_104">
    <skipped/>
  </testcase> <!-- WEB_104 -->
  <system-out/>
  <testcase classname="com.pwc.productcentral.RegressionTestCases" name="WEB_59">
    <skipped/>
  </testcase> <!-- WEB_59 -->
  <system-out/>
  <testcase classname="com.pwc.productcentral.RegressionTestCases" name="WEB_224">
    <skipped/>
  </testcase> <!-- WEB_224 -->
  <system-out/>
  <testcase classname="com.pwc.productcentral.RegressionTestCases" name="WEB_103">
    <skipped/>
  </testcase> <!-- WEB_103 -->
  <system-out/>
  <testcase classname="com.pwc.productcentral.RegressionTestCases" name="WEB_227">
    <skipped/>
  </testcase> <!-- WEB_227 -->
  <system-out/>
  <testcase classname="com.pwc.productcentral.RegressionTestCases" name="WEB_106">
    <skipped/>
  </testcase> <!-- WEB_106 -->
  <system-out/>
  <testcase classname="com.pwc.productcentral.RegressionTestCases" name="WEB_226">
    <skipped/>
  </testcase> <!-- WEB_226 -->
  <system-out/>
  <testcase classname="com.pwc.productcentral.RegressionTestCases" name="WEB_105">
    <skipped/>
  </testcase> <!-- WEB_105 -->
  <system-out/>
  <testcase classname="com.pwc.productcentral.RegressionTestCases" name="WEB_50">
    <skipped/>
  </testcase> <!-- WEB_50 -->
  <system-out/>
  <testcase classname="com.pwc.productcentral.RegressionTestCases" name="WEB_229">
    <skipped/>
  </testcase> <!-- WEB_229 -->
  <system-out/>
  <testcase classname="com.pwc.productcentral.RegressionTestCases" name="WEB_108">
    <skipped/>
  </testcase> <!-- WEB_108 -->
  <system-out/>
  <testcase classname="com.pwc.productcentral.RegressionTestCases" name="WEB_228">
    <skipped/>
  </testcase> <!-- WEB_228 -->
  <system-out/>
  <testcase classname="com.pwc.productcentral.RegressionTestCases" name="WEB_107">
    <skipped/>
  </testcase> <!-- WEB_107 -->
  <system-out/>
  <testcase classname="com.pwc.productcentral.RegressionTestCases" name="WEB_84">
    <skipped/>
  </testcase> <!-- WEB_84 -->
  <system-out/>
  <testcase classname="com.pwc.productcentral.RegressionTestCases" name="WEB_211">
    <skipped/>
  </testcase> <!-- WEB_211 -->
  <system-out/>
  <testcase classname="com.pwc.productcentral.RegressionTestCases" name="WEB_86">
    <skipped/>
  </testcase> <!-- WEB_86 -->
  <system-out/>
  <testcase classname="com.pwc.productcentral.RegressionTestCases" name="WEB_87">
    <skipped/>
  </testcase> <!-- WEB_87 -->
  <system-out/>
  <testcase classname="com.pwc.productcentral.RegressionTestCases" name="WEB_85">
    <skipped/>
  </testcase> <!-- WEB_85 -->
  <system-out/>
  <testcase classname="com.pwc.productcentral.RegressionTestCases" name="WEB_88">
    <skipped/>
  </testcase> <!-- WEB_88 -->
  <system-out/>
  <testcase classname="com.pwc.productcentral.RegressionTestCases" name="WEB_89">
    <skipped/>
  </testcase> <!-- WEB_89 -->
  <system-out/>
  <testcase classname="com.pwc.productcentral.RegressionTestCases" name="WEB_82">
    <skipped/>
  </testcase> <!-- WEB_82 -->
  <system-out/>
  <testcase classname="com.pwc.productcentral.RegressionTestCases" name="WEB_83">
    <skipped/>
  </testcase> <!-- WEB_83 -->
  <system-out/>
  <testcase classname="com.pwc.productcentral.RegressionTestCases" name="WEB_80">
    <skipped/>
  </testcase> <!-- WEB_80 -->
  <system-out/>
  <testcase classname="com.pwc.productcentral.RegressionTestCases" name="WEB_81">
    <skipped/>
  </testcase> <!-- WEB_81 -->
  <system-out/>
  <testcase classname="com.pwc.productcentral.RegressionTestCases" name="WEB_73">
    <skipped/>
  </testcase> <!-- WEB_73 -->
  <system-out/>
  <testcase classname="com.pwc.productcentral.RegressionTestCases" name="WEB_222">
    <skipped/>
  </testcase> <!-- WEB_222 -->
  <system-out/>
  <testcase classname="com.pwc.productcentral.RegressionTestCases" name="WEB_101">
    <skipped/>
  </testcase> <!-- WEB_101 -->
  <system-out/>
  <testcase classname="com.pwc.productcentral.RegressionTestCases" name="WEB_120">
    <skipped/>
  </testcase> <!-- WEB_120 -->
  <system-out/>
  <testcase classname="com.pwc.productcentral.RegressionTestCases" name="WEB_241">
    <skipped/>
  </testcase> <!-- WEB_241 -->
  <system-out/>
  <testcase classname="com.pwc.productcentral.RegressionTestCases" name="WEB_240">
    <skipped/>
  </testcase> <!-- WEB_240 -->
  <system-out/>
  <testcase classname="com.pwc.productcentral.RegressionTestCases" name="WEB_122">
    <skipped/>
  </testcase> <!-- WEB_122 -->
  <system-out/>
  <testcase classname="com.pwc.productcentral.RegressionTestCases" name="WEB_243">
    <skipped/>
  </testcase> <!-- WEB_243 -->
  <system-out/>
  <testcase classname="com.pwc.productcentral.RegressionTestCases" name="WEB_121">
    <skipped/>
  </testcase> <!-- WEB_121 -->
  <system-out/>
  <testcase classname="com.pwc.productcentral.RegressionTestCases" name="WEB_242">
    <skipped/>
  </testcase> <!-- WEB_242 -->
  <system-out/>
  <testcase classname="com.pwc.productcentral.RegressionTestCases" name="WEB_124">
    <skipped/>
  </testcase> <!-- WEB_124 -->
  <system-out/>
  <testcase classname="com.pwc.productcentral.RegressionTestCases" name="WEB_245">
    <skipped/>
  </testcase> <!-- WEB_245 -->
  <system-out/>
  <testcase classname="com.pwc.productcentral.RegressionTestCases" name="WEB_126">
    <skipped/>
  </testcase> <!-- WEB_126 -->
  <system-out/>
  <testcase classname="com.pwc.productcentral.RegressionTestCases" name="WEB_247">
    <skipped/>
  </testcase> <!-- WEB_247 -->
  <system-out/>
  <testcase classname="com.pwc.productcentral.RegressionTestCases" name="WEB_125">
    <skipped/>
  </testcase> <!-- WEB_125 -->
  <system-out/>
  <testcase classname="com.pwc.productcentral.RegressionTestCases" name="WEB_246">
    <skipped/>
  </testcase> <!-- WEB_246 -->
  <system-out/>
  <testcase classname="com.pwc.productcentral.RegressionTestCases" name="WEB_128">
    <skipped/>
  </testcase> <!-- WEB_128 -->
  <system-out/>
  <testcase classname="com.pwc.productcentral.RegressionTestCases" name="WEB_249">
    <skipped/>
  </testcase> <!-- WEB_249 -->
  <system-out/>
  <testcase classname="com.pwc.productcentral.RegressionTestCases" name="WEB_127">
    <skipped/>
  </testcase> <!-- WEB_127 -->
  <system-out/>
  <testcase classname="com.pwc.productcentral.RegressionTestCases" name="WEB_248">
    <skipped/>
  </testcase> <!-- WEB_248 -->
  <system-out/>
  <testcase classname="com.pwc.productcentral.RegressionTestCases" name="WEB_129">
    <skipped/>
  </testcase> <!-- WEB_129 -->
  <system-out/>
  <testcase classname="com.pwc.productcentral.RegressionTestCases" name="WEB_233">
    <skipped/>
  </testcase> <!-- WEB_233 -->
  <system-out/>
  <testcase classname="com.pwc.productcentral.RegressionTestCases" name="WEB_112">
    <skipped/>
  </testcase> <!-- WEB_112 -->
  <system-out/>
  <testcase classname="com.pwc.productcentral.RegressionTestCases" name="WEB_20">
    <skipped/>
  </testcase> <!-- WEB_20 -->
  <system-out/>
  <testcase classname="com.pwc.productcentral.RegressionTestCases" name="WEB_21">
    <skipped/>
  </testcase> <!-- WEB_21 -->
  <system-out/>
  <testcase classname="com.pwc.productcentral.RegressionTestCases" name="WEB_219">
    <skipped/>
  </testcase> <!-- WEB_219 -->
  <system-out/>
  <testcase classname="com.pwc.productcentral.RegressionTestCases" name="WEB_24">
    <skipped/>
  </testcase> <!-- WEB_24 -->
  <system-out/>
  <testcase classname="com.pwc.productcentral.RegressionTestCases" name="WEB_25">
    <skipped/>
  </testcase> <!-- WEB_25 -->
  <system-out/>
  <testcase classname="com.pwc.productcentral.RegressionTestCases" name="WEB_22">
    <skipped/>
  </testcase> <!-- WEB_22 -->
  <system-out/>
  <testcase classname="com.pwc.productcentral.RegressionTestCases" name="WEB_210">
    <skipped/>
  </testcase> <!-- WEB_210 -->
  <system-out/>
  <testcase classname="com.pwc.productcentral.RegressionTestCases" name="WEB_23">
    <skipped/>
  </testcase> <!-- WEB_23 -->
  <system-out/>
  <testcase classname="com.pwc.productcentral.RegressionTestCases" name="WEB_212">
    <skipped/>
  </testcase> <!-- WEB_212 -->
  <system-out/>
  <testcase classname="com.pwc.productcentral.RegressionTestCases" name="WEB_26">
    <skipped/>
  </testcase> <!-- WEB_26 -->
  <system-out/>
  <testcase classname="com.pwc.productcentral.RegressionTestCases" name="WEB_214">
    <skipped/>
  </testcase> <!-- WEB_214 -->
  <system-out/>
  <testcase classname="com.pwc.productcentral.RegressionTestCases" name="WEB_213">
    <skipped/>
  </testcase> <!-- WEB_213 -->
  <system-out/>
  <testcase classname="com.pwc.productcentral.RegressionTestCases" name="WEB_216">
    <skipped/>
  </testcase> <!-- WEB_216 -->
  <system-out/>
  <testcase classname="com.pwc.productcentral.RegressionTestCases" name="WEB_215">
    <skipped/>
  </testcase> <!-- WEB_215 -->
  <system-out/>
  <testcase classname="com.pwc.productcentral.RegressionTestCases" name="WEB_218">
    <skipped/>
  </testcase> <!-- WEB_218 -->
  <system-out/>
  <testcase classname="com.pwc.productcentral.RegressionTestCases" name="WEB_217">
    <skipped/>
  </testcase> <!-- WEB_217 -->
  <system-out/>
  <testcase classname="com.pwc.productcentral.RegressionTestCases" name="WEB_28">
    <skipped/>
  </testcase> <!-- WEB_28 -->
  <system-out/>
  <testcase classname="com.pwc.productcentral.RegressionTestCases" name="WEB_29">
    <skipped/>
  </testcase> <!-- WEB_29 -->
  <system-out/>
  <testcase classname="com.pwc.productcentral.RegressionTestCases" name="WEB_123">
    <skipped/>
  </testcase> <!-- WEB_123 -->
  <system-out/>
  <testcase classname="com.pwc.productcentral.RegressionTestCases" name="WEB_244">
    <skipped/>
  </testcase> <!-- WEB_244 -->
  <system-out/>
  <testcase classname="com.pwc.productcentral.RegressionTestCases" name="WEB_27">
    <skipped/>
  </testcase> <!-- WEB_27 -->
  <system-out/>
  <testcase classname="com.pwc.productcentral.RegressionTestCases" name="WEB_10">
    <skipped/>
  </testcase> <!-- WEB_10 -->
  <system-out/>
  <testcase classname="com.pwc.productcentral.RegressionTestCases" name="WEB_140">
    <skipped/>
  </testcase> <!-- WEB_140 -->
  <system-out/>
  <testcase classname="com.pwc.productcentral.RegressionTestCases" name="WEB_261">
    <skipped/>
  </testcase> <!-- WEB_261 -->
  <system-out/>
  <testcase classname="com.pwc.productcentral.RegressionTestCases" name="WEB_260">
    <skipped/>
  </testcase> <!-- WEB_260 -->
  <system-out/>
  <testcase classname="com.pwc.productcentral.RegressionTestCases" name="WEB_142">
    <skipped/>
  </testcase> <!-- WEB_142 -->
  <system-out/>
  <testcase classname="com.pwc.productcentral.RegressionTestCases" name="WEB_263">
    <skipped/>
  </testcase> <!-- WEB_263 -->
  <system-out/>
  <testcase classname="com.pwc.productcentral.RegressionTestCases" name="WEB_13">
    <skipped/>
  </testcase> <!-- WEB_13 -->
  <system-out/>
  <testcase classname="com.pwc.productcentral.RegressionTestCases" name="WEB_141">
    <skipped/>
  </testcase> <!-- WEB_141 -->
  <system-out/>
  <testcase classname="com.pwc.productcentral.RegressionTestCases" name="WEB_262">
    <skipped/>
  </testcase> <!-- WEB_262 -->
  <system-out/>
  <testcase classname="com.pwc.productcentral.RegressionTestCases" name="WEB_14">
    <skipped/>
  </testcase> <!-- WEB_14 -->
  <system-out/>
  <testcase classname="com.pwc.productcentral.RegressionTestCases" name="WEB_144">
    <skipped/>
  </testcase> <!-- WEB_144 -->
  <system-out/>
  <testcase classname="com.pwc.productcentral.RegressionTestCases" name="WEB_265">
    <skipped/>
  </testcase> <!-- WEB_265 -->
  <system-out/>
  <testcase classname="com.pwc.productcentral.RegressionTestCases" name="WEB_11">
    <skipped/>
  </testcase> <!-- WEB_11 -->
  <system-out/>
  <testcase classname="com.pwc.productcentral.RegressionTestCases" name="WEB_143">
    <skipped/>
  </testcase> <!-- WEB_143 -->
  <system-out/>
  <testcase classname="com.pwc.productcentral.RegressionTestCases" name="WEB_264">
    <skipped/>
  </testcase> <!-- WEB_264 -->
  <system-out/>
  <testcase classname="com.pwc.productcentral.RegressionTestCases" name="WEB_12">
    <skipped/>
  </testcase> <!-- WEB_12 -->
  <system-out/>
  <testcase classname="com.pwc.productcentral.RegressionTestCases" name="WEB_146">
    <skipped/>
  </testcase> <!-- WEB_146 -->
  <system-out/>
  <testcase classname="com.pwc.productcentral.RegressionTestCases" name="WEB_267">
    <skipped/>
  </testcase> <!-- WEB_267 -->
  <system-out/>
  <testcase classname="com.pwc.productcentral.RegressionTestCases" name="WEB_148">
    <skipped/>
  </testcase> <!-- WEB_148 -->
  <system-out/>
  <testcase classname="com.pwc.productcentral.RegressionTestCases" name="WEB_269">
    <skipped/>
  </testcase> <!-- WEB_269 -->
  <system-out/>
  <testcase classname="com.pwc.productcentral.RegressionTestCases" name="WEB_15">
    <skipped/>
  </testcase> <!-- WEB_15 -->
  <system-out/>
  <testcase classname="com.pwc.productcentral.RegressionTestCases" name="WEB_147">
    <skipped/>
  </testcase> <!-- WEB_147 -->
  <system-out/>
  <testcase classname="com.pwc.productcentral.RegressionTestCases" name="WEB_268">
    <skipped/>
  </testcase> <!-- WEB_268 -->
  <system-out/>
  <testcase classname="com.pwc.productcentral.RegressionTestCases" name="WEB_149">
    <skipped/>
  </testcase> <!-- WEB_149 -->
  <system-out/>
  <testcase classname="com.pwc.productcentral.RegressionTestCases" name="WEB_40">
    <skipped/>
  </testcase> <!-- WEB_40 -->
  <system-out/>
  <testcase classname="com.pwc.productcentral.RegressionTestCases" name="WEB_17">
    <skipped/>
  </testcase> <!-- WEB_17 -->
  <system-out/>
  <testcase classname="com.pwc.productcentral.RegressionTestCases" name="WEB_2">
    <skipped/>
  </testcase> <!-- WEB_2 -->
  <system-out/>
  <testcase classname="com.pwc.productcentral.RegressionTestCases" name="WEB_134">
    <skipped/>
  </testcase> <!-- WEB_134 -->
  <system-out/>
  <testcase classname="com.pwc.productcentral.RegressionTestCases" name="WEB_255">
    <skipped/>
  </testcase> <!-- WEB_255 -->
  <system-out/>
  <testcase classname="com.pwc.productcentral.RegressionTestCases" name="WEB_18">
    <skipped/>
  </testcase> <!-- WEB_18 -->
  <system-out/>
  <testcase classname="com.pwc.productcentral.RegressionTestCases" name="WEB_16">
    <skipped/>
  </testcase> <!-- WEB_16 -->
  <system-out/>
  <testcase classname="com.pwc.productcentral.RegressionTestCases" name="WEB_19">
    <skipped/>
  </testcase> <!-- WEB_19 -->
  <system-out/>
  <testcase classname="com.pwc.productcentral.RegressionTestCases" name="WEB_42">
    <skipped/>
  </testcase> <!-- WEB_42 -->
  <system-out/>
  <testcase classname="com.pwc.productcentral.RegressionTestCases" name="WEB_43">
    <skipped/>
  </testcase> <!-- WEB_43 -->
  <system-out/>
  <testcase classname="com.pwc.productcentral.RegressionTestCases" name="WEB_41">
    <skipped/>
  </testcase> <!-- WEB_41 -->
  <system-out/>
  <testcase classname="com.pwc.productcentral.RegressionTestCases" name="WEB_46">
    <skipped/>
  </testcase> <!-- WEB_46 -->
  <system-out/>
  <testcase classname="com.pwc.productcentral.RegressionTestCases" name="WEB_230">
    <skipped/>
  </testcase> <!-- WEB_230 -->
  <system-out/>
  <testcase classname="com.pwc.productcentral.RegressionTestCases" name="WEB_47">
    <skipped/>
  </testcase> <!-- WEB_47 -->
  <system-out/>
  <testcase classname="com.pwc.productcentral.RegressionTestCases" name="WEB_44">
    <skipped/>
  </testcase> <!-- WEB_44 -->
  <system-out/>
  <testcase classname="com.pwc.productcentral.RegressionTestCases" name="WEB_1">
    <skipped/>
  </testcase> <!-- WEB_1 -->
  <system-out/>
  <testcase classname="com.pwc.productcentral.RegressionTestCases" name="WEB_232">
    <skipped/>
  </testcase> <!-- WEB_232 -->
  <system-out/>
  <testcase classname="com.pwc.productcentral.RegressionTestCases" name="WEB_111">
    <skipped/>
  </testcase> <!-- WEB_111 -->
  <system-out/>
  <testcase classname="com.pwc.productcentral.RegressionTestCases" name="WEB_45">
    <skipped/>
  </testcase> <!-- WEB_45 -->
  <system-out/>
  <testcase classname="com.pwc.productcentral.RegressionTestCases" name="WEB_231">
    <skipped/>
  </testcase> <!-- WEB_231 -->
  <system-out/>
  <testcase classname="com.pwc.productcentral.RegressionTestCases" name="WEB_110">
    <skipped/>
  </testcase> <!-- WEB_110 -->
  <system-out/>
  <testcase classname="com.pwc.productcentral.RegressionTestCases" name="WEB_3">
    <skipped/>
  </testcase> <!-- WEB_3 -->
  <system-out/>
  <testcase classname="com.pwc.productcentral.RegressionTestCases" name="WEB_234">
    <skipped/>
  </testcase> <!-- WEB_234 -->
  <system-out/>
  <testcase classname="com.pwc.productcentral.RegressionTestCases" name="WEB_113">
    <skipped/>
  </testcase> <!-- WEB_113 -->
  <system-out/>
  <testcase classname="com.pwc.productcentral.RegressionTestCases" name="WEB_5">
    <skipped/>
  </testcase> <!-- WEB_5 -->
  <system-out/>
  <testcase classname="com.pwc.productcentral.RegressionTestCases" name="WEB_48">
    <skipped/>
  </testcase> <!-- WEB_48 -->
  <system-out/>
  <testcase classname="com.pwc.productcentral.RegressionTestCases" name="WEB_236">
    <skipped/>
  </testcase> <!-- WEB_236 -->
  <system-out/>
  <testcase classname="com.pwc.productcentral.RegressionTestCases" name="WEB_115">
    <skipped/>
  </testcase> <!-- WEB_115 -->
  <system-out/>
  <testcase classname="com.pwc.productcentral.RegressionTestCases" name="WEB_4">
    <skipped/>
  </testcase> <!-- WEB_4 -->
  <system-out/>
  <testcase classname="com.pwc.productcentral.RegressionTestCases" name="WEB_235">
    <skipped/>
  </testcase> <!-- WEB_235 -->
  <system-out/>
  <testcase classname="com.pwc.productcentral.RegressionTestCases" name="WEB_114">
    <skipped/>
  </testcase> <!-- WEB_114 -->
  <system-out/>
  <testcase classname="com.pwc.productcentral.RegressionTestCases" name="WEB_7">
    <skipped/>
  </testcase> <!-- WEB_7 -->
  <system-out/>
  <testcase classname="com.pwc.productcentral.RegressionTestCases" name="WEB_238">
    <skipped/>
  </testcase> <!-- WEB_238 -->
  <system-out/>
  <testcase classname="com.pwc.productcentral.RegressionTestCases" name="WEB_117">
    <skipped/>
  </testcase> <!-- WEB_117 -->
  <system-out/>
  <testcase classname="com.pwc.productcentral.RegressionTestCases" name="WEB_6">
    <skipped/>
  </testcase> <!-- WEB_6 -->
  <system-out/>
  <testcase classname="com.pwc.productcentral.RegressionTestCases" name="WEB_237">
    <skipped/>
  </testcase> <!-- WEB_237 -->
  <system-out/>
  <testcase classname="com.pwc.productcentral.RegressionTestCases" name="WEB_116">
    <skipped/>
  </testcase> <!-- WEB_116 -->
  <system-out/>
  <testcase classname="com.pwc.productcentral.RegressionTestCases" name="WEB_9">
    <skipped/>
  </testcase> <!-- WEB_9 -->
  <system-out/>
  <testcase classname="com.pwc.productcentral.RegressionTestCases" name="WEB_119">
    <skipped/>
  </testcase> <!-- WEB_119 -->
  <system-out/>
  <testcase classname="com.pwc.productcentral.RegressionTestCases" name="WEB_8">
    <skipped/>
  </testcase> <!-- WEB_8 -->
  <system-out/>
  <testcase classname="com.pwc.productcentral.RegressionTestCases" name="WEB_239">
    <skipped/>
  </testcase> <!-- WEB_239 -->
  <system-out/>
  <testcase classname="com.pwc.productcentral.RegressionTestCases" name="WEB_118">
    <skipped/>
  </testcase> <!-- WEB_118 -->
  <system-out/>
  <testcase classname="com.pwc.productcentral.RegressionTestCases" name="WEB_145">
    <skipped/>
  </testcase> <!-- WEB_145 -->
  <system-out/>
  <testcase classname="com.pwc.productcentral.RegressionTestCases" name="WEB_266">
    <skipped/>
  </testcase> <!-- WEB_266 -->
  <system-out/>
  <testcase classname="com.pwc.productcentral.RegressionTestCases" name="WEB_49">
    <skipped/>
  </testcase> <!-- WEB_49 -->
  <system-out/>
  <testcase classname="com.pwc.productcentral.RegressionTestCases" name="WEB_160">
    <skipped/>
  </testcase> <!-- WEB_160 -->
  <system-out/>
  <testcase classname="com.pwc.productcentral.RegressionTestCases" name="WEB_281">
    <skipped/>
  </testcase> <!-- WEB_281 -->
  <system-out/>
  <testcase classname="com.pwc.productcentral.RegressionTestCases" name="WEB_162">
    <skipped/>
  </testcase> <!-- WEB_162 -->
  <system-out/>
  <testcase classname="com.pwc.productcentral.RegressionTestCases" name="WEB_283">
    <skipped/>
  </testcase> <!-- WEB_283 -->
  <system-out/>
  <testcase classname="com.pwc.productcentral.RegressionTestCases" name="WEB_161">
    <skipped/>
  </testcase> <!-- WEB_161 -->
  <system-out/>
  <testcase classname="com.pwc.productcentral.RegressionTestCases" name="WEB_282">
    <skipped/>
  </testcase> <!-- WEB_282 -->
  <system-out/>
  <testcase classname="com.pwc.productcentral.RegressionTestCases" name="WEB_164">
    <skipped/>
  </testcase> <!-- WEB_164 -->
  <system-out/>
  <testcase classname="com.pwc.productcentral.RegressionTestCases" name="WEB_285">
    <skipped/>
  </testcase> <!-- WEB_285 -->
  <system-out/>
  <testcase classname="com.pwc.productcentral.RegressionTestCases" name="WEB_163">
    <skipped/>
  </testcase> <!-- WEB_163 -->
  <system-out/>
  <testcase classname="com.pwc.productcentral.RegressionTestCases" name="WEB_284">
    <skipped/>
  </testcase> <!-- WEB_284 -->
  <system-out/>
  <testcase classname="com.pwc.productcentral.RegressionTestCases" name="WEB_166">
    <skipped/>
  </testcase> <!-- WEB_166 -->
  <system-out/>
  <testcase classname="com.pwc.productcentral.RegressionTestCases" name="WEB_287">
    <skipped/>
  </testcase> <!-- WEB_287 -->
  <system-out/>
  <testcase classname="com.pwc.productcentral.RegressionTestCases" name="WEB_165">
    <skipped/>
  </testcase> <!-- WEB_165 -->
  <system-out/>
  <testcase classname="com.pwc.productcentral.RegressionTestCases" name="WEB_286">
    <skipped/>
  </testcase> <!-- WEB_286 -->
  <system-out/>
  <testcase classname="com.pwc.productcentral.RegressionTestCases" name="WEB_168">
    <skipped/>
  </testcase> <!-- WEB_168 -->
  <system-out/>
  <testcase classname="com.pwc.productcentral.RegressionTestCases" name="WEB_289">
    <skipped/>
  </testcase> <!-- WEB_289 -->
  <system-out/>
  <testcase classname="com.pwc.productcentral.RegressionTestCases" name="WEB_169">
    <skipped/>
  </testcase> <!-- WEB_169 -->
  <system-out/>
  <testcase classname="com.pwc.productcentral.RegressionTestCases" name="WEB_170">
    <skipped/>
  </testcase> <!-- WEB_170 -->
  <system-out/>
  <testcase classname="com.pwc.productcentral.RegressionTestCases" name="WEB_291">
    <skipped/>
  </testcase> <!-- WEB_291 -->
  <system-out/>
  <testcase classname="com.pwc.productcentral.RegressionTestCases" name="WEB_156">
    <skipped/>
  </testcase> <!-- WEB_156 -->
  <system-out/>
  <testcase classname="com.pwc.productcentral.RegressionTestCases" name="WEB_277">
    <skipped/>
  </testcase> <!-- WEB_277 -->
  <system-out/>
  <testcase classname="com.pwc.productcentral.RegressionTestCases" name="WEB_290">
    <skipped/>
  </testcase> <!-- WEB_290 -->
  <system-out/>
  <testcase classname="com.pwc.productcentral.RegressionTestCases" name="WEB_250">
    <skipped/>
  </testcase> <!-- WEB_250 -->
  <system-out/>
  <testcase classname="com.pwc.productcentral.RegressionTestCases" name="WEB_131">
    <skipped/>
  </testcase> <!-- WEB_131 -->
  <system-out/>
  <testcase classname="com.pwc.productcentral.RegressionTestCases" name="WEB_252">
    <skipped/>
  </testcase> <!-- WEB_252 -->
  <system-out/>
  <testcase classname="com.pwc.productcentral.RegressionTestCases" name="WEB_130">
    <skipped/>
  </testcase> <!-- WEB_130 -->
  <system-out/>
  <testcase classname="com.pwc.productcentral.RegressionTestCases" name="WEB_251">
    <skipped/>
  </testcase> <!-- WEB_251 -->
  <system-out/>
  <testcase classname="com.pwc.productcentral.RegressionTestCases" name="WEB_133">
    <skipped/>
  </testcase> <!-- WEB_133 -->
  <system-out/>
  <testcase classname="com.pwc.productcentral.RegressionTestCases" name="WEB_254">
    <skipped/>
  </testcase> <!-- WEB_254 -->
  <system-out/>
  <testcase classname="com.pwc.productcentral.RegressionTestCases" name="WEB_132">
    <skipped/>
  </testcase> <!-- WEB_132 -->
  <system-out/>
  <testcase classname="com.pwc.productcentral.RegressionTestCases" name="WEB_253">
    <skipped/>
  </testcase> <!-- WEB_253 -->
  <system-out/>
  <testcase classname="com.pwc.productcentral.RegressionTestCases" name="WEB_135">
    <skipped/>
  </testcase> <!-- WEB_135 -->
  <system-out/>
  <testcase classname="com.pwc.productcentral.RegressionTestCases" name="WEB_256">
    <skipped/>
  </testcase> <!-- WEB_256 -->
  <system-out/>
  <testcase classname="com.pwc.productcentral.RegressionTestCases" name="WEB_137">
    <skipped/>
  </testcase> <!-- WEB_137 -->
  <system-out/>
  <testcase classname="com.pwc.productcentral.RegressionTestCases" name="WEB_258">
    <skipped/>
  </testcase> <!-- WEB_258 -->
  <system-out/>
  <testcase classname="com.pwc.productcentral.RegressionTestCases" name="WEB_136">
    <skipped/>
  </testcase> <!-- WEB_136 -->
  <system-out/>
  <testcase classname="com.pwc.productcentral.RegressionTestCases" name="WEB_257">
    <skipped/>
  </testcase> <!-- WEB_257 -->
  <system-out/>
  <testcase classname="com.pwc.productcentral.RegressionTestCases" name="WEB_139">
    <skipped/>
  </testcase> <!-- WEB_139 -->
  <system-out/>
  <testcase classname="com.pwc.productcentral.RegressionTestCases" name="WEB_138">
    <skipped/>
  </testcase> <!-- WEB_138 -->
  <system-out/>
  <testcase classname="com.pwc.productcentral.RegressionTestCases" name="WEB_259">
    <skipped/>
  </testcase> <!-- WEB_259 -->
  <system-out/>
  <testcase classname="com.pwc.productcentral.RegressionTestCases" name="WEB_167">
    <skipped/>
  </testcase> <!-- WEB_167 -->
  <system-out/>
  <testcase classname="com.pwc.productcentral.RegressionTestCases" name="WEB_288">
    <skipped/>
  </testcase> <!-- WEB_288 -->
  <system-out/>
  <testcase classname="com.pwc.productcentral.RegressionTestCases" name="WEB_182">
    <skipped/>
  </testcase> <!-- WEB_182 -->
  <system-out/>
  <testcase classname="com.pwc.productcentral.RegressionTestCases" name="WEB_184">
    <skipped/>
  </testcase> <!-- WEB_184 -->
  <system-out/>
  <testcase classname="com.pwc.productcentral.RegressionTestCases" name="WEB_183">
    <skipped/>
  </testcase> <!-- WEB_183 -->
  <system-out/>
  <testcase classname="com.pwc.productcentral.RegressionTestCases" name="WEB_186">
    <skipped/>
  </testcase> <!-- WEB_186 -->
  <system-out/>
  <testcase classname="com.pwc.productcentral.RegressionTestCases" name="WEB_185">
    <skipped/>
  </testcase> <!-- WEB_185 -->
  <system-out/>
  <testcase classname="com.pwc.productcentral.RegressionTestCases" name="WEB_188">
    <skipped/>
  </testcase> <!-- WEB_188 -->
  <system-out/>
  <testcase classname="com.pwc.productcentral.RegressionTestCases" name="WEB_187">
    <skipped/>
  </testcase> <!-- WEB_187 -->
  <system-out/>
  <testcase classname="com.pwc.productcentral.RegressionTestCases" name="WEB_192">
    <skipped/>
  </testcase> <!-- WEB_192 -->
  <system-out/>
  <testcase classname="com.pwc.productcentral.RegressionTestCases" name="WEB_178">
    <skipped/>
  </testcase> <!-- WEB_178 -->
  <system-out/>
  <testcase classname="com.pwc.productcentral.RegressionTestCases" name="WEB_191">
    <skipped/>
  </testcase> <!-- WEB_191 -->
  <system-out/>
  <testcase classname="com.pwc.productcentral.RegressionTestCases" name="WEB_190">
    <skipped/>
  </testcase> <!-- WEB_190 -->
  <system-out/>
  <testcase classname="com.pwc.productcentral.RegressionTestCases" name="WEB_270">
    <skipped/>
  </testcase> <!-- WEB_270 -->
  <system-out/>
  <testcase classname="com.pwc.productcentral.RegressionTestCases" name="WEB_151">
    <skipped/>
  </testcase> <!-- WEB_151 -->
  <system-out/>
  <testcase classname="com.pwc.productcentral.RegressionTestCases" name="WEB_272">
    <skipped/>
  </testcase> <!-- WEB_272 -->
  <system-out/>
  <testcase classname="com.pwc.productcentral.RegressionTestCases" name="WEB_150">
    <skipped/>
  </testcase> <!-- WEB_150 -->
  <system-out/>
  <testcase classname="com.pwc.productcentral.RegressionTestCases" name="WEB_271">
    <skipped/>
  </testcase> <!-- WEB_271 -->
  <system-out/>
  <testcase classname="com.pwc.productcentral.RegressionTestCases" name="WEB_153">
    <skipped/>
  </testcase> <!-- WEB_153 -->
  <system-out/>
  <testcase classname="com.pwc.productcentral.RegressionTestCases" name="WEB_274">
    <skipped/>
  </testcase> <!-- WEB_274 -->
  <system-out/>
  <testcase classname="com.pwc.productcentral.RegressionTestCases" name="WEB_152">
    <skipped/>
  </testcase> <!-- WEB_152 -->
  <system-out/>
  <testcase classname="com.pwc.productcentral.RegressionTestCases" name="WEB_273">
    <skipped/>
  </testcase> <!-- WEB_273 -->
  <system-out/>
  <testcase classname="com.pwc.productcentral.RegressionTestCases" name="WEB_155">
    <skipped/>
  </testcase> <!-- WEB_155 -->
  <system-out/>
  <testcase classname="com.pwc.productcentral.RegressionTestCases" name="WEB_276">
    <skipped/>
  </testcase> <!-- WEB_276 -->
  <system-out/>
  <testcase classname="com.pwc.productcentral.RegressionTestCases" name="WEB_154">
    <skipped/>
  </testcase> <!-- WEB_154 -->
  <system-out/>
  <testcase classname="com.pwc.productcentral.RegressionTestCases" name="WEB_275">
    <skipped/>
  </testcase> <!-- WEB_275 -->
  <system-out/>
  <testcase classname="com.pwc.productcentral.RegressionTestCases" name="WEB_157">
    <skipped/>
  </testcase> <!-- WEB_157 -->
  <system-out/>
  <testcase classname="com.pwc.productcentral.RegressionTestCases" name="WEB_278">
    <skipped/>
  </testcase> <!-- WEB_278 -->
  <system-out/>
  <testcase classname="com.pwc.productcentral.RegressionTestCases" name="WEB_159">
    <skipped/>
  </testcase> <!-- WEB_159 -->
  <system-out/>
  <testcase classname="com.pwc.productcentral.RegressionTestCases" name="WEB_158">
    <skipped/>
  </testcase> <!-- WEB_158 -->
  <system-out/>
  <testcase classname="com.pwc.productcentral.RegressionTestCases" name="WEB_279">
    <skipped/>
  </testcase> <!-- WEB_279 -->
  <system-out/>
  <testcase classname="com.pwc.productcentral.RegressionTestCases" name="WEB_280">
    <skipped/>
  </testcase> <!-- WEB_280 -->
  <system-out/>
  <testcase classname="com.pwc.productcentral.RegressionTestCases" name="WEB_189">
    <skipped/>
  </testcase> <!-- WEB_189 -->
  <system-out/>
  <testcase classname="com.pwc.productcentral.RegressionTestCases" name="WEB_75">
    <skipped/>
  </testcase> <!-- WEB_75 -->
  <system-out/>
  <testcase classname="com.pwc.productcentral.RegressionTestCases" name="WEB_76">
    <skipped/>
  </testcase> <!-- WEB_76 -->
  <system-out/>
  <testcase classname="com.pwc.productcentral.RegressionTestCases" name="WEB_74">
    <skipped/>
  </testcase> <!-- WEB_74 -->
  <system-out/>
  <testcase classname="com.pwc.productcentral.RegressionTestCases" name="WEB_79">
    <skipped/>
  </testcase> <!-- WEB_79 -->
  <system-out/>
  <testcase classname="com.pwc.productcentral.RegressionTestCases" name="WEB_77">
    <skipped/>
  </testcase> <!-- WEB_77 -->
  <system-out/>
  <testcase classname="com.pwc.productcentral.RegressionTestCases" name="WEB_78">
    <skipped/>
  </testcase> <!-- WEB_78 -->
  <system-out/>
  <testcase classname="com.pwc.productcentral.RegressionTestCases" name="WEB_71">
    <skipped/>
  </testcase> <!-- WEB_71 -->
  <system-out/>
  <testcase classname="com.pwc.productcentral.RegressionTestCases" name="WEB_72">
    <skipped/>
  </testcase> <!-- WEB_72 -->
  <system-out/>
  <testcase classname="com.pwc.productcentral.RegressionTestCases" name="WEB_70">
    <skipped/>
  </testcase> <!-- WEB_70 -->
  <system-out/>
  <testcase classname="com.pwc.productcentral.RegressionTestCases" name="WEB_171">
    <skipped/>
  </testcase> <!-- WEB_171 -->
  <system-out/>
  <testcase classname="com.pwc.productcentral.RegressionTestCases" name="WEB_173">
    <skipped/>
  </testcase> <!-- WEB_173 -->
  <system-out/>
  <testcase classname="com.pwc.productcentral.RegressionTestCases" name="WEB_172">
    <skipped/>
  </testcase> <!-- WEB_172 -->
  <system-out/>
  <testcase classname="com.pwc.productcentral.RegressionTestCases" name="WEB_175">
    <skipped/>
  </testcase> <!-- WEB_175 -->
  <system-out/>
  <testcase classname="com.pwc.productcentral.RegressionTestCases" name="WEB_174">
    <skipped/>
  </testcase> <!-- WEB_174 -->
  <system-out/>
  <testcase classname="com.pwc.productcentral.RegressionTestCases" name="WEB_177">
    <skipped/>
  </testcase> <!-- WEB_177 -->
  <system-out/>
  <testcase classname="com.pwc.productcentral.RegressionTestCases" name="WEB_176">
    <skipped/>
  </testcase> <!-- WEB_176 -->
  <system-out/>
  <testcase classname="com.pwc.productcentral.RegressionTestCases" name="WEB_179">
    <skipped/>
  </testcase> <!-- WEB_179 -->
  <system-out/>
  <testcase classname="com.pwc.productcentral.RegressionTestCases" name="WEB_181">
    <skipped/>
  </testcase> <!-- WEB_181 -->
  <system-out/>
  <testcase classname="com.pwc.productcentral.RegressionTestCases" name="WEB_95">
    <skipped/>
  </testcase> <!-- WEB_95 -->
  <system-out/>
  <testcase classname="com.pwc.productcentral.RegressionTestCases" name="WEB_180">
    <skipped/>
  </testcase> <!-- WEB_180 -->
  <system-out/>
  <testcase classname="com.pwc.productcentral.RegressionTestCases" name="WEB_97">
    <skipped/>
  </testcase> <!-- WEB_97 -->
  <system-out/>
  <testcase classname="com.pwc.productcentral.RegressionTestCases" name="WEB_98">
    <skipped/>
  </testcase> <!-- WEB_98 -->
  <system-out/>
  <testcase classname="com.pwc.productcentral.RegressionTestCases" name="WEB_96">
    <skipped/>
  </testcase> <!-- WEB_96 -->
  <system-out/>
  <testcase classname="com.pwc.productcentral.RegressionTestCases" name="WEB_99">
    <skipped/>
  </testcase> <!-- WEB_99 -->
  <system-out/>
  <testcase classname="com.pwc.productcentral.RegressionTestCases" name="WEB_90">
    <skipped/>
  </testcase> <!-- WEB_90 -->
  <system-out/>
  <testcase classname="com.pwc.productcentral.RegressionTestCases" name="WEB_93">
    <skipped/>
  </testcase> <!-- WEB_93 -->
  <system-out/>
  <testcase classname="com.pwc.productcentral.RegressionTestCases" name="WEB_94">
    <skipped/>
  </testcase> <!-- WEB_94 -->
  <system-out/>
  <testcase classname="com.pwc.productcentral.RegressionTestCases" name="WEB_91">
    <skipped/>
  </testcase> <!-- WEB_91 -->
  <system-out/>
  <testcase classname="com.pwc.productcentral.RegressionTestCases" name="WEB_92">
    <skipped/>
  </testcase> <!-- WEB_92 -->
  <system-out/>
  <testcase classname="com.pwc.productcentral.RegressionTestCases" name="WEB_193">
    <skipped/>
  </testcase> <!-- WEB_193 -->
  <system-out/>
  <testcase classname="com.pwc.productcentral.RegressionTestCases" name="WEB_195">
    <skipped/>
  </testcase> <!-- WEB_195 -->
  <system-out/>
  <testcase classname="com.pwc.productcentral.RegressionTestCases" name="WEB_194">
    <skipped/>
  </testcase> <!-- WEB_194 -->
  <system-out/>
  <testcase classname="com.pwc.productcentral.RegressionTestCases" name="WEB_197">
    <skipped/>
  </testcase> <!-- WEB_197 -->
  <system-out/>
  <testcase classname="com.pwc.productcentral.RegressionTestCases" name="WEB_196">
    <skipped/>
  </testcase> <!-- WEB_196 -->
  <system-out/>
  <testcase classname="com.pwc.productcentral.RegressionTestCases" name="WEB_199">
    <skipped/>
  </testcase> <!-- WEB_199 -->
  <system-out/>
  <testcase classname="com.pwc.productcentral.RegressionTestCases" name="WEB_198">
    <skipped/>
  </testcase> <!-- WEB_198 -->
  <system-out/>
</testsuite> <!-- com.pwc.productcentral.RegressionTestCases -->
